{
  "RSpec": {
    "coverage": {
      "/home/patryk/Pulpit/projects/CookBook/app/helpers/application_helper.rb": [
        null,
        1,
        null
      ],
      "/home/patryk/Pulpit/projects/CookBook/app/controllers/recipes_controller.rb": [
        null,
        null,
        1,
        1,
        null,
        1,
        8,
        null,
        null,
        1,
        null,
        1,
        6,
        24,
        null,
        null,
        1,
        5,
        5,
        1,
        1,
        null,
        4,
        null,
        null,
        null,
        1,
        null,
        1,
        5,
        3,
        3,
        null,
        2,
        null,
        null,
        null,
        1,
        1,
        1,
        1,
        null,
        0,
        null,
        null,
        null,
        1,
        null,
        1,
        10,
        null,
        null,
        null,
        1,
        20,
        null,
        null
      ],
      "/home/patryk/Pulpit/projects/CookBook/app/controllers/application_controller.rb": [
        null,
        1,
        1,
        null
      ],
      "/home/patryk/Pulpit/projects/CookBook/app/models/recipe.rb": [
        null,
        null,
        1,
        1,
        1,
        1,
        null,
        1,
        1,
        1,
        null,
        1,
        1,
        null,
        1,
        34,
        1,
        null,
        1,
        null,
        1,
        44,
        44,
        2,
        2,
        2,
        null,
        2,
        1,
        null,
        null,
        null,
        null
      ],
      "/home/patryk/Pulpit/projects/CookBook/app/models/application_record.rb": [
        null,
        1,
        1,
        null
      ],
      "/home/patryk/Pulpit/projects/CookBook/app/models/ingredient.rb": [
        null,
        null,
        1,
        1,
        1,
        null,
        1,
        1,
        null,
        1,
        null,
        1,
        344,
        null,
        null
      ],
      "/home/patryk/Pulpit/projects/CookBook/app/models/recipe_ingredient.rb": [
        null,
        null,
        1,
        1,
        1,
        null,
        1,
        1,
        null,
        1,
        null
      ],
      "/home/patryk/Pulpit/projects/CookBook/app/controllers/ingredients_controller.rb": [
        null,
        null,
        1,
        1,
        8,
        null,
        null,
        1,
        5,
        null,
        null,
        1,
        5,
        5,
        2,
        2,
        null,
        3,
        null,
        null,
        null,
        1,
        2,
        null,
        null,
        1,
        2,
        2,
        1,
        1,
        null,
        1,
        null,
        null,
        null,
        1,
        1,
        1,
        1,
        1,
        null,
        0,
        null,
        null,
        null,
        1,
        null,
        1,
        7,
        null,
        null
      ],
      "/home/patryk/Pulpit/projects/CookBook/app/mailers/application_mailer.rb": [
        null,
        0,
        0,
        0,
        0
      ],
      "/home/patryk/Pulpit/projects/CookBook/app/jobs/application_job.rb": [
        null,
        0,
        0
      ],
      "/home/patryk/Pulpit/projects/CookBook/app/channels/application_cable/connection.rb": [
        null,
        0,
        0,
        0,
        0
      ],
      "/home/patryk/Pulpit/projects/CookBook/app/channels/application_cable/channel.rb": [
        null,
        0,
        0,
        0,
        0
      ]
    },
    "timestamp": 1531559071
  }
}
